<?xml version="1.0" encoding="UTF-8"?>
<testsuite name="com.sachin.mail.mailsender.MailSenderApplicationTests" tests="1" skipped="0" failures="0" errors="0" timestamp="2019-02-27T19:23:14" hostname="Sachins-MacBook-Air.local" time="0.641">
  <properties/>
  <testcase name="contextLoads" classname="com.sachin.mail.mailsender.MailSenderApplicationTests" time="0.641"/>
  <system-out><![CDATA[00:53:08.317 [Test worker] DEBUG org.springframework.test.context.junit4.SpringJUnit4ClassRunner - SpringJUnit4ClassRunner constructor called with [class com.sachin.mail.mailsender.MailSenderApplicationTests]
00:53:08.342 [Test worker] DEBUG org.springframework.test.context.BootstrapUtils - Instantiating CacheAwareContextLoaderDelegate from class [org.springframework.test.context.cache.DefaultCacheAwareContextLoaderDelegate]
00:53:08.359 [Test worker] DEBUG org.springframework.test.context.BootstrapUtils - Instantiating BootstrapContext using constructor [public org.springframework.test.context.support.DefaultBootstrapContext(java.lang.Class,org.springframework.test.context.CacheAwareContextLoaderDelegate)]
00:53:08.392 [Test worker] DEBUG org.springframework.test.context.BootstrapUtils - Instantiating TestContextBootstrapper for test class [com.sachin.mail.mailsender.MailSenderApplicationTests] from class [org.springframework.boot.test.context.SpringBootTestContextBootstrapper]
00:53:08.426 [Test worker] INFO org.springframework.boot.test.context.SpringBootTestContextBootstrapper - Neither @ContextConfiguration nor @ContextHierarchy found for test class [com.sachin.mail.mailsender.MailSenderApplicationTests], using SpringBootContextLoader
00:53:08.432 [Test worker] DEBUG org.springframework.test.context.support.AbstractContextLoader - Did not detect default resource location for test class [com.sachin.mail.mailsender.MailSenderApplicationTests]: class path resource [com/sachin/mail/mailsender/MailSenderApplicationTests-context.xml] does not exist
00:53:08.433 [Test worker] DEBUG org.springframework.test.context.support.AbstractContextLoader - Did not detect default resource location for test class [com.sachin.mail.mailsender.MailSenderApplicationTests]: class path resource [com/sachin/mail/mailsender/MailSenderApplicationTestsContext.groovy] does not exist
00:53:08.434 [Test worker] INFO org.springframework.test.context.support.AbstractContextLoader - Could not detect default resource locations for test class [com.sachin.mail.mailsender.MailSenderApplicationTests]: no resource found for suffixes {-context.xml, Context.groovy}.
00:53:08.438 [Test worker] INFO org.springframework.test.context.support.AnnotationConfigContextLoaderUtils - Could not detect default configuration classes for test class [com.sachin.mail.mailsender.MailSenderApplicationTests]: MailSenderApplicationTests does not declare any static, non-private, non-final, nested classes annotated with @Configuration.
00:53:08.540 [Test worker] DEBUG org.springframework.test.context.support.ActiveProfilesUtils - Could not find an 'annotation declaring class' for annotation type [org.springframework.test.context.ActiveProfiles] and class [com.sachin.mail.mailsender.MailSenderApplicationTests]
00:53:08.683 [Test worker] DEBUG org.springframework.context.annotation.ClassPathScanningCandidateComponentProvider - Identified candidate component class: file [/Users/sachindhawane/Documents/Projects/mail-sender/build/classes/java/main/com/sachin/mail/mailsender/MailSenderApplication.class]
00:53:08.686 [Test worker] INFO org.springframework.boot.test.context.SpringBootTestContextBootstrapper - Found @SpringBootConfiguration com.sachin.mail.mailsender.MailSenderApplication for test class com.sachin.mail.mailsender.MailSenderApplicationTests
00:53:08.871 [Test worker] DEBUG org.springframework.boot.test.context.SpringBootTestContextBootstrapper - @TestExecutionListeners is not present for class [com.sachin.mail.mailsender.MailSenderApplicationTests]: using defaults.
00:53:08.873 [Test worker] INFO org.springframework.boot.test.context.SpringBootTestContextBootstrapper - Loaded default TestExecutionListener class names from location [META-INF/spring.factories]: [org.springframework.boot.test.autoconfigure.restdocs.RestDocsTestExecutionListener, org.springframework.boot.test.autoconfigure.web.client.MockRestServiceServerResetTestExecutionListener, org.springframework.boot.test.autoconfigure.web.servlet.MockMvcPrintOnlyOnFailureTestExecutionListener, org.springframework.boot.test.autoconfigure.web.servlet.WebDriverTestExecutionListener, org.springframework.boot.test.mock.mockito.MockitoTestExecutionListener, org.springframework.boot.test.mock.mockito.ResetMocksTestExecutionListener, org.springframework.test.context.web.ServletTestExecutionListener, org.springframework.test.context.support.DirtiesContextBeforeModesTestExecutionListener, org.springframework.test.context.support.DependencyInjectionTestExecutionListener, org.springframework.test.context.support.DirtiesContextTestExecutionListener, org.springframework.test.context.transaction.TransactionalTestExecutionListener, org.springframework.test.context.jdbc.SqlScriptsTestExecutionListener]
00:53:08.904 [Test worker] DEBUG org.springframework.boot.test.context.SpringBootTestContextBootstrapper - Skipping candidate TestExecutionListener [org.springframework.test.context.transaction.TransactionalTestExecutionListener] due to a missing dependency. Specify custom listener classes or make the default listener classes and their required dependencies available. Offending class: [org/springframework/transaction/interceptor/TransactionAttributeSource]
00:53:08.908 [Test worker] DEBUG org.springframework.boot.test.context.SpringBootTestContextBootstrapper - Skipping candidate TestExecutionListener [org.springframework.test.context.jdbc.SqlScriptsTestExecutionListener] due to a missing dependency. Specify custom listener classes or make the default listener classes and their required dependencies available. Offending class: [org/springframework/transaction/interceptor/TransactionAttribute]
00:53:08.910 [Test worker] INFO org.springframework.boot.test.context.SpringBootTestContextBootstrapper - Using TestExecutionListeners: [org.springframework.test.context.web.ServletTestExecutionListener@236b0a05, org.springframework.test.context.support.DirtiesContextBeforeModesTestExecutionListener@6bc9afd8, org.springframework.boot.test.mock.mockito.MockitoTestExecutionListener@1783a1d9, org.springframework.boot.test.autoconfigure.SpringBootDependencyInjectionTestExecutionListener@1044568f, org.springframework.test.context.support.DirtiesContextTestExecutionListener@6b045da0, org.springframework.boot.test.autoconfigure.restdocs.RestDocsTestExecutionListener@4d959877, org.springframework.boot.test.autoconfigure.web.client.MockRestServiceServerResetTestExecutionListener@47926575, org.springframework.boot.test.autoconfigure.web.servlet.MockMvcPrintOnlyOnFailureTestExecutionListener@75d0b326, org.springframework.boot.test.autoconfigure.web.servlet.WebDriverTestExecutionListener@3cf01961, org.springframework.boot.test.mock.mockito.ResetMocksTestExecutionListener@5dc768a8]
00:53:08.923 [Test worker] DEBUG org.springframework.test.annotation.ProfileValueUtils - Retrieved @ProfileValueSourceConfiguration [null] for test class [com.sachin.mail.mailsender.MailSenderApplicationTests]
00:53:08.929 [Test worker] DEBUG org.springframework.test.annotation.ProfileValueUtils - Retrieved ProfileValueSource type [class org.springframework.test.annotation.SystemProfileValueSource] for class [com.sachin.mail.mailsender.MailSenderApplicationTests]
00:53:08.932 [Test worker] DEBUG org.springframework.test.annotation.ProfileValueUtils - Retrieved @ProfileValueSourceConfiguration [null] for test class [com.sachin.mail.mailsender.MailSenderApplicationTests]
00:53:08.932 [Test worker] DEBUG org.springframework.test.annotation.ProfileValueUtils - Retrieved ProfileValueSource type [class org.springframework.test.annotation.SystemProfileValueSource] for class [com.sachin.mail.mailsender.MailSenderApplicationTests]
00:53:08.943 [Test worker] DEBUG org.springframework.test.context.support.AbstractDirtiesContextTestExecutionListener - Before test class: context [DefaultTestContext@339367dd testClass = MailSenderApplicationTests, testInstance = [null], testMethod = [null], testException = [null], mergedContextConfiguration = [WebMergedContextConfiguration@15add1bf testClass = MailSenderApplicationTests, locations = '{}', classes = '{class com.sachin.mail.mailsender.MailSenderApplication}', contextInitializerClasses = '[]', activeProfiles = '{}', propertySourceLocations = '{}', propertySourceProperties = '{org.springframework.boot.test.context.SpringBootTestContextBootstrapper=true}', contextCustomizers = set[org.springframework.boot.test.autoconfigure.properties.PropertyMappingContextCustomizer@0, org.springframework.boot.test.autoconfigure.web.servlet.WebDriverContextCustomizerFactory$Customizer@63959fdd, org.springframework.boot.test.context.filter.ExcludeFilterContextCustomizer@25473a93, org.springframework.boot.test.json.DuplicateJsonObjectContextCustomizerFactory$DuplicateJsonObjectContextCustomizer@7a106cec, org.springframework.boot.test.mock.mockito.MockitoContextCustomizer@0, org.springframework.boot.test.web.client.TestRestTemplateContextCustomizer@50a17b90], resourceBasePath = 'src/main/webapp', contextLoader = 'org.springframework.boot.test.context.SpringBootContextLoader', parent = [null]], attributes = map['org.springframework.test.context.web.ServletTestExecutionListener.activateListener' -> true]], class annotated with @DirtiesContext [false] with mode [null].
00:53:08.945 [Test worker] DEBUG org.springframework.test.annotation.ProfileValueUtils - Retrieved @ProfileValueSourceConfiguration [null] for test class [com.sachin.mail.mailsender.MailSenderApplicationTests]
00:53:08.945 [Test worker] DEBUG org.springframework.test.annotation.ProfileValueUtils - Retrieved ProfileValueSource type [class org.springframework.test.annotation.SystemProfileValueSource] for class [com.sachin.mail.mailsender.MailSenderApplicationTests]
00:53:08.975 [Test worker] DEBUG org.springframework.test.context.support.TestPropertySourceUtils - Adding inlined properties to environment: {spring.jmx.enabled=false, org.springframework.boot.test.context.SpringBootTestContextBootstrapper=true, server.port=-1}

  .   ____          _            __ _ _
 /\\ / ___'_ __ _ _(_)_ __  __ _ \ \ \ \
( ( )\___ | '_ | '_| | '_ \/ _` | \ \ \ \
 \\/  ___)| |_)| | | | | || (_| |  ) ) ) )
  '  |____| .__|_| |_|_| |_\__, | / / / /
 =========|_|==============|___/=/_/_/_/
 :: Spring Boot ::        (v2.1.3.RELEASE)

2019-02-28 00:53:09.936  INFO 1578 --- [    Test worker] c.s.m.m.MailSenderApplicationTests       : Starting MailSenderApplicationTests on Sachins-MacBook-Air.local with PID 1578 (started by sachindhawane in /Users/sachindhawane/Documents/Projects/mail-sender)
2019-02-28 00:53:09.938  INFO 1578 --- [    Test worker] c.s.m.m.MailSenderApplicationTests       : No active profile set, falling back to default profiles: default
2019-02-28 00:53:13.572  INFO 1578 --- [    Test worker] o.s.s.concurrent.ThreadPoolTaskExecutor  : Initializing ExecutorService 'applicationTaskExecutor'
2019-02-28 00:53:14.192  INFO 1578 --- [    Test worker] c.s.m.m.MailSenderApplicationTests       : Started MailSenderApplicationTests in 5.19 seconds (JVM running for 7.317)
]]></system-out>
  <system-err><![CDATA[]]></system-err>
</testsuite>
